<?xml version="1.0" encoding="UTF-8"?>
<robot generator="Robot 7.0 (Python 3.12.2 on win32)" generated="2024-03-14T16:59:07.335378" rpa="false" schemaversion="5">
<suite id="s1" name="searchTest" source="D:\654259023\python\searchTest.robot">
<test id="s1-t1" name="Search Google and Verify Results-1" line="25">
<kw name="Open Google">
<kw name="Open Browser" owner="SeleniumLibrary">
<msg time="2024-03-14T16:59:07.475368" level="INFO">Opening browser 'Chrome' to base url 'https://www.google.com'.</msg>
<arg>https://www.google.com</arg>
<arg>${BROWSER}</arg>
<doc>Opens a new browser instance to the optional ``url``.</doc>
<status status="PASS" start="2024-03-14T16:59:07.474369" elapsed="2.223956"/>
</kw>
<status status="PASS" start="2024-03-14T16:59:07.474369" elapsed="2.223956"/>
</kw>
<kw name="Input Search Term">
<kw name="Input Text" owner="SeleniumLibrary">
<msg time="2024-03-14T16:59:09.699322" level="INFO">Typing text 'robot framework' into text field 'name=q'.</msg>
<arg>name=q</arg>
<arg>${SEARCH_TERM}</arg>
<doc>Types the given ``text`` into the text field identified by ``locator``.</doc>
<status status="PASS" start="2024-03-14T16:59:09.699322" elapsed="0.093341"/>
</kw>
<status status="PASS" start="2024-03-14T16:59:09.699322" elapsed="0.093341"/>
</kw>
<kw name="Press Enter">
<kw name="Press Keys" owner="SeleniumLibrary">
<msg time="2024-03-14T16:59:09.794655" level="INFO">Sending key(s) ('ENTER',) to xpath=//*[@id="APjFqb"] element.</msg>
<msg time="2024-03-14T16:59:10.085658" level="INFO">Pressing special key ENTER to element.</msg>
<msg time="2024-03-14T16:59:10.085658" level="INFO">Releasing special key ENTER.</msg>
<arg>xpath=//*[@id="APjFqb"]</arg>
<arg>ENTER</arg>
<doc>Simulates the user pressing key(s) to an element or on the active browser.</doc>
<status status="PASS" start="2024-03-14T16:59:09.793659" elapsed="1.095598"/>
</kw>
<status status="PASS" start="2024-03-14T16:59:09.793659" elapsed="1.096596"/>
</kw>
<kw name="Verify Results">
<kw name="Wait Until Page Contains" owner="SeleniumLibrary">
<arg>${SEARCH_TERM}</arg>
<doc>Waits until ``text`` appears on the current page.</doc>
<status status="PASS" start="2024-03-14T16:59:10.890255" elapsed="0.020943"/>
</kw>
<kw name="Page Should Contain" owner="SeleniumLibrary">
<msg time="2024-03-14T16:59:10.954083" level="INFO">Current page contains text 'robot framework'.</msg>
<arg>${SEARCH_RESULT}</arg>
<doc>Verifies that current page contains ``text``.</doc>
<status status="PASS" start="2024-03-14T16:59:10.912194" elapsed="0.041889"/>
</kw>
<status status="PASS" start="2024-03-14T16:59:10.890255" elapsed="0.064826"/>
</kw>
<kw name="Close Browser" owner="SeleniumLibrary">
<doc>Closes the current browser.</doc>
<status status="PASS" start="2024-03-14T16:59:10.955081" elapsed="2.120741"/>
</kw>
<doc>Test case to search Google and verify results</doc>
<status status="PASS" start="2024-03-14T16:59:07.473980" elapsed="5.602546"/>
</test>
<test id="s1-t2" name="Search Google and Verify Results-2" line="33">
<kw name="Open Google">
<kw name="Open Browser" owner="SeleniumLibrary">
<msg time="2024-03-14T16:59:13.078071" level="INFO">Opening browser 'Chrome' to base url 'https://www.google.com'.</msg>
<arg>https://www.google.com</arg>
<arg>${BROWSER}</arg>
<doc>Opens a new browser instance to the optional ``url``.</doc>
<status status="PASS" start="2024-03-14T16:59:13.078071" elapsed="2.173937"/>
</kw>
<status status="PASS" start="2024-03-14T16:59:13.078071" elapsed="2.174934"/>
</kw>
<kw name="Input Search Term">
<kw name="Input Text" owner="SeleniumLibrary">
<msg time="2024-03-14T16:59:15.254001" level="INFO">Typing text 'robot framework' into text field 'name=q'.</msg>
<arg>name=q</arg>
<arg>${SEARCH_TERM}</arg>
<doc>Types the given ``text`` into the text field identified by ``locator``.</doc>
<status status="PASS" start="2024-03-14T16:59:15.253005" elapsed="0.073628"/>
</kw>
<status status="PASS" start="2024-03-14T16:59:15.253005" elapsed="0.073628"/>
</kw>
<kw name="Press Enter">
<kw name="Press Keys" owner="SeleniumLibrary">
<msg time="2024-03-14T16:59:15.327631" level="INFO">Sending key(s) ('ENTER',) to xpath=//*[@id="APjFqb"] element.</msg>
<msg time="2024-03-14T16:59:15.622933" level="INFO">Pressing special key ENTER to element.</msg>
<msg time="2024-03-14T16:59:15.622933" level="INFO">Releasing special key ENTER.</msg>
<arg>xpath=//*[@id="APjFqb"]</arg>
<arg>ENTER</arg>
<doc>Simulates the user pressing key(s) to an element or on the active browser.</doc>
<status status="PASS" start="2024-03-14T16:59:15.327631" elapsed="2.289984"/>
</kw>
<status status="PASS" start="2024-03-14T16:59:15.327631" elapsed="2.290981"/>
</kw>
<kw name="Verify Results">
<kw name="Wait Until Page Contains" owner="SeleniumLibrary">
<arg>${SEARCH_TERM}</arg>
<doc>Waits until ``text`` appears on the current page.</doc>
<status status="PASS" start="2024-03-14T16:59:17.618612" elapsed="0.023084"/>
</kw>
<kw name="Page Should Contain" owner="SeleniumLibrary">
<msg time="2024-03-14T16:59:17.662641" level="INFO">Current page contains text 'robot framework'.</msg>
<arg>${SEARCH_RESULT}</arg>
<doc>Verifies that current page contains ``text``.</doc>
<status status="PASS" start="2024-03-14T16:59:17.641696" elapsed="0.020945"/>
</kw>
<status status="PASS" start="2024-03-14T16:59:17.618612" elapsed="0.044029"/>
</kw>
<kw name="Close Browser" owner="SeleniumLibrary">
<doc>Closes the current browser.</doc>
<status status="PASS" start="2024-03-14T16:59:17.663638" elapsed="2.100794"/>
</kw>
<doc>Test case to search Google and verify results</doc>
<status status="PASS" start="2024-03-14T16:59:13.077675" elapsed="6.687755"/>
</test>
<test id="s1-t3" name="Search Google and Verify Results-3" line="41">
<kw name="Open Browser" owner="SeleniumLibrary">
<msg time="2024-03-14T16:59:19.767452" level="INFO">Opening browser 'Chrome' to base url 'https://www.yahoo.com'.</msg>
<arg>https://www.yahoo.com</arg>
<arg>${BROWSER}</arg>
<doc>Opens a new browser instance to the optional ``url``.</doc>
<status status="PASS" start="2024-03-14T16:59:19.767452" elapsed="2.671089"/>
</kw>
<kw name="Input Text" owner="SeleniumLibrary">
<msg time="2024-03-14T16:59:22.439540" level="INFO">Typing text 'robot framework' into text field 'xpath=//*[@id="ybar-sbq"]'.</msg>
<arg>xpath=//*[@id="ybar-sbq"]</arg>
<arg>${SEARCH_TERM}</arg>
<doc>Types the given ``text`` into the text field identified by ``locator``.</doc>
<status status="PASS" start="2024-03-14T16:59:22.439540" elapsed="0.076321"/>
</kw>
<kw name="Click Button" owner="SeleniumLibrary">
<msg time="2024-03-14T16:59:22.516859" level="INFO">Clicking button 'id=ybar-search'.</msg>
<arg>id=ybar-search</arg>
<doc>Clicks the button identified by ``locator``.</doc>
<status status="PASS" start="2024-03-14T16:59:22.516859" elapsed="0.052866"/>
</kw>
<kw name="Verify Results">
<kw name="Wait Until Page Contains" owner="SeleniumLibrary">
<arg>${SEARCH_TERM}</arg>
<doc>Waits until ``text`` appears on the current page.</doc>
<status status="PASS" start="2024-03-14T16:59:22.570720" elapsed="0.293472"/>
</kw>
<kw name="Page Should Contain" owner="SeleniumLibrary">
<msg time="2024-03-14T16:59:22.922036" level="INFO">Current page contains text 'robot framework'.</msg>
<arg>${SEARCH_RESULT}</arg>
<doc>Verifies that current page contains ``text``.</doc>
<status status="PASS" start="2024-03-14T16:59:22.864192" elapsed="0.057844"/>
</kw>
<status status="PASS" start="2024-03-14T16:59:22.570720" elapsed="0.351316"/>
</kw>
<kw name="Close Browser" owner="SeleniumLibrary">
<doc>Closes the current browser.</doc>
<status status="PASS" start="2024-03-14T16:59:22.923033" elapsed="2.101966"/>
</kw>
<doc>Test case to search Google and verify results</doc>
<status status="PASS" start="2024-03-14T16:59:19.766429" elapsed="5.258570"/>
</test>
<status status="PASS" start="2024-03-14T16:59:07.336349" elapsed="17.690317"/>
</suite>
<statistics>
<total>
<stat pass="3" fail="0" skip="0">All Tests</stat>
</total>
<tag>
</tag>
<suite>
<stat pass="3" fail="0" skip="0" id="s1" name="searchTest">searchTest</stat>
</suite>
</statistics>
<errors>
</errors>
</robot>
